#
# A fatal error has been detected by the Java Runtime Environment:
#
#  EXCEPTION_ACCESS_VIOLATION (0xc0000005) at pc=0x00007ffd2ce64160, pid=4188, tid=8300
#
# JRE version: OpenJDK Runtime Environment (15.0.1+9) (build 15.0.1+9-18)
# Java VM: OpenJDK 64-Bit Server VM (15.0.1+9-18, mixed mode, sharing, tiered, compressed oops, g1 gc, windows-amd64)
# Problematic frame:
# C  [glfw.dll+0x4160]
#
# No core dump will be written. Minidumps are not enabled by default on client versions of Windows
#
# If you would like to submit a bug report, please visit:
#   https://bugreport.java.com/bugreport/crash.jsp
# The crash happened outside the Java Virtual Machine in native code.
# See problematic frame for where to report the bug.
#

---------------  S U M M A R Y ------------

Command Line: -javaagent:D:\Intellij 2020.2.3\lib\idea_rt.jar=56283:D:\Intellij 2020.2.3\bin -Dfile.encoding=UTF-8 Main

Host: Intel(R) Core(TM) i7-9700 CPU @ 3.00GHz, 8 cores, 15G,  Windows 10 , 64 bit Build 19041 (10.0.19041.292)
Time: Fri Nov  6 13:04:09 2020 Eastern Standard Time elapsed time: 0.333705 seconds (0d 0h 0m 0s)

---------------  T H R E A D  ---------------

Current thread (0x000001e3618d1550):  JavaThread "main" [_thread_in_native, id=8300, stack(0x000000d9cad00000,0x000000d9cae00000)]

Stack: [0x000000d9cad00000,0x000000d9cae00000],  sp=0x000000d9cadfe800,  free space=1018k
Native frames: (J=compiled Java code, j=interpreted, Vv=VM code, C=native code)
C  [glfw.dll+0x4160]

Java frames: (J=compiled Java code, j=interpreted, Vv=VM code)
j  org.lwjgl.system.JNI.invokePPP(JJJ)J+0
j  org.lwjgl.glfw.GLFW.nglfwSetKeyCallback(JJ)J+20
j  org.lwjgl.glfw.GLFW.glfwSetKeyCallback(JLorg/lwjgl/glfw/GLFWKeyCallbackI;)Lorg/lwjgl/glfw/GLFWKeyCallback;+5
j  tetrago.cobra.graphics.Window.<init>(IILjava/lang/String;)V+118
j  tetrago.cobra.core.Program.<init>(Ljava/lang/String;)V+32
j  TestProgram.<init>()V+3
v  ~StubRoutines::call_stub
j  jdk.internal.reflect.NativeConstructorAccessorImpl.newInstance0(Ljava/lang/reflect/Constructor;[Ljava/lang/Object;)Ljava/lang/Object;+0 java.base@15.0.1
j  jdk.internal.reflect.NativeConstructorAccessorImpl.newInstance([Ljava/lang/Object;)Ljava/lang/Object;+98 java.base@15.0.1
j  jdk.internal.reflect.DelegatingConstructorAccessorImpl.newInstance([Ljava/lang/Object;)Ljava/lang/Object;+5 java.base@15.0.1
j  java.lang.reflect.Constructor.newInstanceWithCaller([Ljava/lang/Object;ZLjava/lang/Class;)Ljava/lang/Object;+65 java.base@15.0.1
j  java.lang.reflect.Constructor.newInstance([Ljava/lang/Object;)Ljava/lang/Object;+30 java.base@15.0.1
j  tetrago.cobra.core.Cobra.run(Ljava/lang/Class;)V+12
j  Main.main([Ljava/lang/String;)V+2
v  ~StubRoutines::call_stub

siginfo: EXCEPTION_ACCESS_VIOLATION (0xc0000005), reading address 0x0000000000000568


Register to memory mapping:

RIP=0x00007ffd2ce64160 glfw.dll
RAX=0x00007ffd2ce64140 glfw.dll
RBX={method} {0x000001e37f4aec18} 'invokePPP' '(JJJ)J' in 'org/lwjgl/system/JNI'
RCX=0x0000000000000240 is an unknown value
RDX=0x000001e30f600000 points into unknown readable memory: 0xfffffffff9058d48 | 48 8d 05 f9 ff ff ff ff
RSP=0x000000d9cadfe800 is pointing into the stack for thread: 0x000001e3618d1550
RBP=0x000000d9cadfe8d0 is pointing into the stack for thread: 0x000001e3618d1550
RSI=0x0000000000000148 is an unknown value
RDI=0x00000000000003de is an unknown value
R8 =0x0000000000000240 is an unknown value
R9 =0x000001e30f600000 points into unknown readable memory: 0xfffffffff9058d48 | 48 8d 05 f9 ff ff ff ff
R10=0x000001e36b2df148 is at code_begin+1000 in an Interpreter codelet
method entry point (kind = native)  [0x000001e36b2ded60, 0x000001e36b2df7e0]  2688 bytes
R11=0x0000000712f09640 is an oop: java.lang.Class 
{0x0000000712f09640} - klass: 'java/lang/Class'
R12=0x0 is NULL
R13={method} {0x000001e37f4aec18} 'invokePPP' '(JJJ)J' in 'org/lwjgl/system/JNI'
R14=0x000000d9cadfe918 is pointing into the stack for thread: 0x000001e3618d1550
R15=0x000001e3618d1550 is a thread


Registers:
RAX=0x00007ffd2ce64140, RBX=0x000001e37f4aec10, RCX=0x0000000000000240, RDX=0x000001e30f600000
RSP=0x000000d9cadfe800, RBP=0x000000d9cadfe8d0, RSI=0x0000000000000148, RDI=0x00000000000003de
R8 =0x0000000000000240, R9 =0x000001e30f600000, R10=0x000001e36b2df148, R11=0x0000000712f09640
R12=0x0000000000000000, R13=0x000001e37f4aec10, R14=0x000000d9cadfe918, R15=0x000001e3618d1550
RIP=0x00007ffd2ce64160, EFLAGS=0x0000000000010202

Top of Stack: (sp=0x000000d9cadfe800)
0x000000d9cadfe800:   000000d9cadfe890 000001e3618d1550
0x000000d9cadfe810:   0000000000000000 000001e3618d1550
0x000000d9cadfe820:   000000d9cadfe968 000001e36b2df177
0x000000d9cadfe830:   000000d9cadfe9a0 00007ffd08272984
0x000000d9cadfe840:   000001e37f7844d8 000000d9cadfe890
0x000000d9cadfe850:   00007ffd2ce64140 000001e37f779ac4
0x000000d9cadfe860:   000001e36b2d9c90 00007ffd0826c1d7
0x000000d9cadfe870:   3ff0000000000000 000001e3618d1550
0x000000d9cadfe880:   000001e3618d1550 000000d9cadfe888
0x000000d9cadfe890:   0000000000000000 000000d9cadfe918
0x000000d9cadfe8a0:   000001e37f4dfc30 0000000000000000
0x000000d9cadfe8b0:   0000000712f09640 000001e37f4aec10
0x000000d9cadfe8c0:   0000000000000000 000000d9cadfe8f0
0x000000d9cadfe8d0:   000000d9cadfe968 000001e36b2d9c90
0x000000d9cadfe8e0:   0000000712f09640 000001e36b2dc217
0x000000d9cadfe8f0:   00007ffd2ce64140 0000000000000000 

Instructions: (pc=0x00007ffd2ce64160)
0x00007ffd2ce64060:   00 01 00 48 8b 5c 24 30 48 83 c4 20 5f e9 ee db
0x00007ffd2ce64070:   ff ff 33 d2 85 ff 0f 95 c2 39 93 f0 01 00 00 74
0x00007ffd2ce64080:   2c 48 8b cb 89 93 f0 01 00 00 48 8b 5c 24 30 48
0x00007ffd2ce64090:   83 c4 20 5f e9 b7 79 00 00 44 8b c2 48 8d 15 9d
0x00007ffd2ce640a0:   1b 04 00 b9 03 00 01 00 e8 b3 db ff ff 48 8b 5c
0x00007ffd2ce640b0:   24 30 48 83 c4 20 5f c3 cc cc cc cc cc cc cc cc
0x00007ffd2ce640c0:   48 83 ec 28 83 3d 25 3a 05 00 00 75 13 33 d2 b9
0x00007ffd2ce640d0:   01 00 01 00 e8 87 db ff ff 33 c0 48 83 c4 28 c3
0x00007ffd2ce640e0:   48 8b 05 39 49 05 00 48 89 0d 32 49 05 00 48 83
0x00007ffd2ce640f0:   c4 28 c3 cc cc cc cc cc cc cc cc cc cc cc cc cc
0x00007ffd2ce64100:   83 3d e9 39 05 00 00 75 0c 33 d2 b9 01 00 01 00
0x00007ffd2ce64110:   e9 4b db ff ff 48 63 c1 48 69 c8 a8 00 00 00 48
0x00007ffd2ce64120:   8d 05 d2 3d 05 00 83 3c 01 00 74 05 48 89 54 01
0x00007ffd2ce64130:   40 c3 cc cc cc cc cc cc cc cc cc cc cc cc cc cc
0x00007ffd2ce64140:   48 83 ec 28 83 3d a5 39 05 00 00 75 13 33 d2 b9
0x00007ffd2ce64150:   01 00 01 00 e8 07 db ff ff 33 c0 48 83 c4 28 c3
0x00007ffd2ce64160:   48 8b 81 28 03 00 00 48 89 91 28 03 00 00 48 83
0x00007ffd2ce64170:   c4 28 c3 cc cc cc cc cc cc cc cc cc cc cc cc cc
0x00007ffd2ce64180:   48 83 ec 28 83 3d 65 39 05 00 00 75 13 33 d2 b9
0x00007ffd2ce64190:   01 00 01 00 e8 c7 da ff ff 33 c0 48 83 c4 28 c3
0x00007ffd2ce641a0:   48 8b 81 08 03 00 00 48 89 91 08 03 00 00 48 83
0x00007ffd2ce641b0:   c4 28 c3 cc cc cc cc cc cc cc cc cc cc cc cc cc
0x00007ffd2ce641c0:   48 83 ec 28 83 3d 25 39 05 00 00 75 13 33 d2 b9
0x00007ffd2ce641d0:   01 00 01 00 e8 87 da ff ff 33 c0 48 83 c4 28 c3
0x00007ffd2ce641e0:   48 8b 81 20 03 00 00 48 89 91 20 03 00 00 48 83
0x00007ffd2ce641f0:   c4 28 c3 cc cc cc cc cc cc cc cc cc cc cc cc cc
0x00007ffd2ce64200:   48 83 ec 38 83 3d e5 38 05 00 00 0f 29 74 24 20
0x00007ffd2ce64210:   0f 28 f0 75 15 33 d2 b9 01 00 01 00 0f 28 74 24
0x00007ffd2ce64220:   20 48 83 c4 38 e9 36 da ff ff 66 0f 2e f6 0f 8a
0x00007ffd2ce64230:   96 00 00 00 0f 57 c0 66 0f 2f c6 0f 87 89 00 00
0x00007ffd2ce64240:   00 66 0f 2f 35 17 1b 04 00 77 7f 48 89 5c 24 30
0x00007ffd2ce64250:   e8 3b 68 00 00 48 8b c8 0f 57 c0 48 85 c0 78 07 


Stack slot to memory mapping:
stack at sp + 0 slots: 0x000000d9cadfe890 is pointing into the stack for thread: 0x000001e3618d1550
stack at sp + 1 slots: 0x000001e3618d1550 is a thread
stack at sp + 2 slots: 0x0 is NULL
stack at sp + 3 slots: 0x000001e3618d1550 is a thread
stack at sp + 4 slots: 0x000000d9cadfe968 is pointing into the stack for thread: 0x000001e3618d1550
stack at sp + 5 slots: 0x000001e36b2df177 is at code_begin+1047 in an Interpreter codelet
method entry point (kind = native)  [0x000001e36b2ded60, 0x000001e36b2df7e0]  2688 bytes
stack at sp + 6 slots: 0x000000d9cadfe9a0 is pointing into the stack for thread: 0x000001e3618d1550
stack at sp + 7 slots: 0x00007ffd08272984 jvm.dll


---------------  P R O C E S S  ---------------

Threads class SMR info:
_java_thread_list=0x000001e3083a9f40, length=13, elements={
0x000001e3618d1550, 0x000001e37f00b1e0, 0x000001e37f00bc90, 0x000001e37f9250b0,
0x000001e37f927780, 0x000001e37f928230, 0x000001e37f92a420, 0x000001e37f92e680,
0x000001e37f92f070, 0x000001e37fa377d0, 0x000001e37faedd50, 0x000001e37fb50740,
0x000001e3084a64d0
}

Java Threads: ( => current thread )
=>0x000001e3618d1550 JavaThread "main" [_thread_in_native, id=8300, stack(0x000000d9cad00000,0x000000d9cae00000)]
  0x000001e37f00b1e0 JavaThread "Reference Handler" daemon [_thread_blocked, id=11332, stack(0x000000d9cb400000,0x000000d9cb500000)]
  0x000001e37f00bc90 JavaThread "Finalizer" daemon [_thread_blocked, id=9820, stack(0x000000d9cb500000,0x000000d9cb600000)]
  0x000001e37f9250b0 JavaThread "Signal Dispatcher" daemon [_thread_blocked, id=7960, stack(0x000000d9cb600000,0x000000d9cb700000)]
  0x000001e37f927780 JavaThread "Attach Listener" daemon [_thread_blocked, id=2836, stack(0x000000d9cb700000,0x000000d9cb800000)]
  0x000001e37f928230 JavaThread "Service Thread" daemon [_thread_blocked, id=3856, stack(0x000000d9cb800000,0x000000d9cb900000)]
  0x000001e37f92a420 JavaThread "C2 CompilerThread0" daemon [_thread_blocked, id=7200, stack(0x000000d9cb900000,0x000000d9cba00000)]
  0x000001e37f92e680 JavaThread "C1 CompilerThread0" daemon [_thread_blocked, id=7004, stack(0x000000d9cba00000,0x000000d9cbb00000)]
  0x000001e37f92f070 JavaThread "Sweeper thread" daemon [_thread_blocked, id=3256, stack(0x000000d9cbb00000,0x000000d9cbc00000)]
  0x000001e37fa377d0 JavaThread "Common-Cleaner" daemon [_thread_blocked, id=10384, stack(0x000000d9cbc00000,0x000000d9cbd00000)]
  0x000001e37faedd50 JavaThread "Monitor Ctrl-Break" daemon [_thread_in_native, id=11360, stack(0x000000d9cbd00000,0x000000d9cbe00000)]
  0x000001e37fb50740 JavaThread "Notification Thread" daemon [_thread_blocked, id=1512, stack(0x000000d9cbe00000,0x000000d9cbf00000)]
  0x000001e3084a64d0 JavaThread "C2 CompilerThread1" daemon [_thread_blocked, id=8720, stack(0x000000d9cc700000,0x000000d9cc800000)]

Other Threads:
  0x000001e37f0082d0 VMThread "VM Thread" [stack: 0x000000d9cb300000,0x000000d9cb400000] [id=10128]
  0x000001e37faee880 WatcherThread [stack: 0x000000d9cbf00000,0x000000d9cc000000] [id=7724]
  0x000001e3619203f0 GCTaskThread "GC Thread#0" [stack: 0x000000d9cae00000,0x000000d9caf00000] [id=12940]
  0x000001e361932360 ConcurrentGCThread "G1 Main Marker" [stack: 0x000000d9caf00000,0x000000d9cb000000] [id=15272]
  0x000001e361932fd0 ConcurrentGCThread "G1 Conc#0" [stack: 0x000000d9cb000000,0x000000d9cb100000] [id=15644]
  0x000001e37ee820c0 ConcurrentGCThread "G1 Refine#0" [stack: 0x000000d9cb100000,0x000000d9cb200000] [id=3352]
  0x000001e37ee83bf0 ConcurrentGCThread "G1 Young RemSet Sampling" [stack: 0x000000d9cb200000,0x000000d9cb300000] [id=16952]

Threads with active compile tasks:

VM state: not at safepoint (normal execution)

VM Mutex/Monitor currently owned by a thread: None

Heap address: 0x0000000703600000, size: 4042 MB, Compressed Oops mode: Zero based, Oop shift amount: 3
CDS archive(s) mapped at: [0x0000000800000000-0x0000000800b50000-0x0000000800b50000), size 11862016, SharedBaseAddress: 0x0000000800000000, ArchiveRelocationMode: 0.
Compressed class space mapped at: 0x0000000800b50000-0x0000000840b50000, size: 1073741824
Narrow klass base: 0x0000000800000000, Narrow klass shift: 3, Narrow klass range: 0x100000000

GC Precious Log:
 CPUs: 8 total, 8 available
 Memory: 16165M
 Large Page Support: Disabled
 NUMA Support: Disabled
 Compressed Oops: Enabled (Zero based)
 Heap Region Size: 2M
 Heap Min Capacity: 8M
 Heap Initial Capacity: 254M
 Heap Max Capacity: 4042M
 Pre-touch: Disabled
 Parallel Workers: 8
 Concurrent Workers: 2
 Concurrent Refinement Workers: 8
 Periodic GC: Disabled

Heap:
 garbage-first heap   total 260096K, used 12288K [0x0000000703600000, 0x0000000800000000)
  region size 2048K, 7 young (14336K), 0 survivors (0K)
 Metaspace       used 5400K, capacity 8075K, committed 8320K, reserved 1056768K
  class space    used 295K, capacity 542K, committed 640K, reserved 1048576K

Heap Regions: E=young(eden), S=young(survivor), O=old, HS=humongous(starts), HC=humongous(continues), CS=collection set, F=free, OA=open archive, CA=closed archive, TAMS=top-at-mark-start (previous, next)
|   0|0x0000000703600000, 0x0000000703600000, 0x0000000703800000|  0%| F|  |TAMS 0x0000000703600000, 0x0000000703600000| Untracked 
|   1|0x0000000703800000, 0x0000000703800000, 0x0000000703a00000|  0%| F|  |TAMS 0x0000000703800000, 0x0000000703800000| Untracked 
|   2|0x0000000703a00000, 0x0000000703a00000, 0x0000000703c00000|  0%| F|  |TAMS 0x0000000703a00000, 0x0000000703a00000| Untracked 
|   3|0x0000000703c00000, 0x0000000703c00000, 0x0000000703e00000|  0%| F|  |TAMS 0x0000000703c00000, 0x0000000703c00000| Untracked 
|   4|0x0000000703e00000, 0x0000000703e00000, 0x0000000704000000|  0%| F|  |TAMS 0x0000000703e00000, 0x0000000703e00000| Untracked 
|   5|0x0000000704000000, 0x0000000704000000, 0x0000000704200000|  0%| F|  |TAMS 0x0000000704000000, 0x0000000704000000| Untracked 
|   6|0x0000000704200000, 0x0000000704200000, 0x0000000704400000|  0%| F|  |TAMS 0x0000000704200000, 0x0000000704200000| Untracked 
|   7|0x0000000704400000, 0x0000000704400000, 0x0000000704600000|  0%| F|  |TAMS 0x0000000704400000, 0x0000000704400000| Untracked 
|   8|0x0000000704600000, 0x0000000704600000, 0x0000000704800000|  0%| F|  |TAMS 0x0000000704600000, 0x0000000704600000| Untracked 
|   9|0x0000000704800000, 0x0000000704800000, 0x0000000704a00000|  0%| F|  |TAMS 0x0000000704800000, 0x0000000704800000| Untracked 
|  10|0x0000000704a00000, 0x0000000704a00000, 0x0000000704c00000|  0%| F|  |TAMS 0x0000000704a00000, 0x0000000704a00000| Untracked 
|  11|0x0000000704c00000, 0x0000000704c00000, 0x0000000704e00000|  0%| F|  |TAMS 0x0000000704c00000, 0x0000000704c00000| Untracked 
|  12|0x0000000704e00000, 0x0000000704e00000, 0x0000000705000000|  0%| F|  |TAMS 0x0000000704e00000, 0x0000000704e00000| Untracked 
|  13|0x0000000705000000, 0x0000000705000000, 0x0000000705200000|  0%| F|  |TAMS 0x0000000705000000, 0x0000000705000000| Untracked 
|  14|0x0000000705200000, 0x0000000705200000, 0x0000000705400000|  0%| F|  |TAMS 0x0000000705200000, 0x0000000705200000| Untracked 
|  15|0x0000000705400000, 0x0000000705400000, 0x0000000705600000|  0%| F|  |TAMS 0x0000000705400000, 0x0000000705400000| Untracked 
|  16|0x0000000705600000, 0x0000000705600000, 0x0000000705800000|  0%| F|  |TAMS 0x0000000705600000, 0x0000000705600000| Untracked 
|  17|0x0000000705800000, 0x0000000705800000, 0x0000000705a00000|  0%| F|  |TAMS 0x0000000705800000, 0x0000000705800000| Untracked 
|  18|0x0000000705a00000, 0x0000000705a00000, 0x0000000705c00000|  0%| F|  |TAMS 0x0000000705a00000, 0x0000000705a00000| Untracked 
|  19|0x0000000705c00000, 0x0000000705c00000, 0x0000000705e00000|  0%| F|  |TAMS 0x0000000705c00000, 0x0000000705c00000| Untracked 
|  20|0x0000000705e00000, 0x0000000705e00000, 0x0000000706000000|  0%| F|  |TAMS 0x0000000705e00000, 0x0000000705e00000| Untracked 
|  21|0x0000000706000000, 0x0000000706000000, 0x0000000706200000|  0%| F|  |TAMS 0x0000000706000000, 0x0000000706000000| Untracked 
|  22|0x0000000706200000, 0x0000000706200000, 0x0000000706400000|  0%| F|  |TAMS 0x0000000706200000, 0x0000000706200000| Untracked 
|  23|0x0000000706400000, 0x0000000706400000, 0x0000000706600000|  0%| F|  |TAMS 0x0000000706400000, 0x0000000706400000| Untracked 
|  24|0x0000000706600000, 0x0000000706600000, 0x0000000706800000|  0%| F|  |TAMS 0x0000000706600000, 0x0000000706600000| Untracked 
|  25|0x0000000706800000, 0x0000000706800000, 0x0000000706a00000|  0%| F|  |TAMS 0x0000000706800000, 0x0000000706800000| Untracked 
|  26|0x0000000706a00000, 0x0000000706a00000, 0x0000000706c00000|  0%| F|  |TAMS 0x0000000706a00000, 0x0000000706a00000| Untracked 
|  27|0x0000000706c00000, 0x0000000706c00000, 0x0000000706e00000|  0%| F|  |TAMS 0x0000000706c00000, 0x0000000706c00000| Untracked 
|  28|0x0000000706e00000, 0x0000000706e00000, 0x0000000707000000|  0%| F|  |TAMS 0x0000000706e00000, 0x0000000706e00000| Untracked 
|  29|0x0000000707000000, 0x0000000707000000, 0x0000000707200000|  0%| F|  |TAMS 0x0000000707000000, 0x0000000707000000| Untracked 
|  30|0x0000000707200000, 0x0000000707200000, 0x0000000707400000|  0%| F|  |TAMS 0x0000000707200000, 0x0000000707200000| Untracked 
|  31|0x0000000707400000, 0x0000000707400000, 0x0000000707600000|  0%| F|  |TAMS 0x0000000707400000, 0x0000000707400000| Untracked 
|  32|0x0000000707600000, 0x0000000707600000, 0x0000000707800000|  0%| F|  |TAMS 0x0000000707600000, 0x0000000707600000| Untracked 
|  33|0x0000000707800000, 0x0000000707800000, 0x0000000707a00000|  0%| F|  |TAMS 0x0000000707800000, 0x0000000707800000| Untracked 
|  34|0x0000000707a00000, 0x0000000707a00000, 0x0000000707c00000|  0%| F|  |TAMS 0x0000000707a00000, 0x0000000707a00000| Untracked 
|  35|0x0000000707c00000, 0x0000000707c00000, 0x0000000707e00000|  0%| F|  |TAMS 0x0000000707c00000, 0x0000000707c00000| Untracked 
|  36|0x0000000707e00000, 0x0000000707e00000, 0x0000000708000000|  0%| F|  |TAMS 0x0000000707e00000, 0x0000000707e00000| Untracked 
|  37|0x0000000708000000, 0x0000000708000000, 0x0000000708200000|  0%| F|  |TAMS 0x0000000708000000, 0x0000000708000000| Untracked 
|  38|0x0000000708200000, 0x0000000708200000, 0x0000000708400000|  0%| F|  |TAMS 0x0000000708200000, 0x0000000708200000| Untracked 
|  39|0x0000000708400000, 0x0000000708400000, 0x0000000708600000|  0%| F|  |TAMS 0x0000000708400000, 0x0000000708400000| Untracked 
|  40|0x0000000708600000, 0x0000000708600000, 0x0000000708800000|  0%| F|  |TAMS 0x0000000708600000, 0x0000000708600000| Untracked 
|  41|0x0000000708800000, 0x0000000708800000, 0x0000000708a00000|  0%| F|  |TAMS 0x0000000708800000, 0x0000000708800000| Untracked 
|  42|0x0000000708a00000, 0x0000000708a00000, 0x0000000708c00000|  0%| F|  |TAMS 0x0000000708a00000, 0x0000000708a00000| Untracked 
|  43|0x0000000708c00000, 0x0000000708c00000, 0x0000000708e00000|  0%| F|  |TAMS 0x0000000708c00000, 0x0000000708c00000| Untracked 
|  44|0x0000000708e00000, 0x0000000708e00000, 0x0000000709000000|  0%| F|  |TAMS 0x0000000708e00000, 0x0000000708e00000| Untracked 
|  45|0x0000000709000000, 0x0000000709000000, 0x0000000709200000|  0%| F|  |TAMS 0x0000000709000000, 0x0000000709000000| Untracked 
|  46|0x0000000709200000, 0x0000000709200000, 0x0000000709400000|  0%| F|  |TAMS 0x0000000709200000, 0x0000000709200000| Untracked 
|  47|0x0000000709400000, 0x0000000709400000, 0x0000000709600000|  0%| F|  |TAMS 0x0000000709400000, 0x0000000709400000| Untracked 
|  48|0x0000000709600000, 0x0000000709600000, 0x0000000709800000|  0%| F|  |TAMS 0x0000000709600000, 0x0000000709600000| Untracked 
|  49|0x0000000709800000, 0x0000000709800000, 0x0000000709a00000|  0%| F|  |TAMS 0x0000000709800000, 0x0000000709800000| Untracked 
|  50|0x0000000709a00000, 0x0000000709a00000, 0x0000000709c00000|  0%| F|  |TAMS 0x0000000709a00000, 0x0000000709a00000| Untracked 
|  51|0x0000000709c00000, 0x0000000709c00000, 0x0000000709e00000|  0%| F|  |TAMS 0x0000000709c00000, 0x0000000709c00000| Untracked 
|  52|0x0000000709e00000, 0x0000000709e00000, 0x000000070a000000|  0%| F|  |TAMS 0x0000000709e00000, 0x0000000709e00000| Untracked 
|  53|0x000000070a000000, 0x000000070a000000, 0x000000070a200000|  0%| F|  |TAMS 0x000000070a000000, 0x000000070a000000| Untracked 
|  54|0x000000070a200000, 0x000000070a200000, 0x000000070a400000|  0%| F|  |TAMS 0x000000070a200000, 0x000000070a200000| Untracked 
|  55|0x000000070a400000, 0x000000070a400000, 0x000000070a600000|  0%| F|  |TAMS 0x000000070a400000, 0x000000070a400000| Untracked 
|  56|0x000000070a600000, 0x000000070a600000, 0x000000070a800000|  0%| F|  |TAMS 0x000000070a600000, 0x000000070a600000| Untracked 
|  57|0x000000070a800000, 0x000000070a800000, 0x000000070aa00000|  0%| F|  |TAMS 0x000000070a800000, 0x000000070a800000| Untracked 
|  58|0x000000070aa00000, 0x000000070aa00000, 0x000000070ac00000|  0%| F|  |TAMS 0x000000070aa00000, 0x000000070aa00000| Untracked 
|  59|0x000000070ac00000, 0x000000070ac00000, 0x000000070ae00000|  0%| F|  |TAMS 0x000000070ac00000, 0x000000070ac00000| Untracked 
|  60|0x000000070ae00000, 0x000000070ae00000, 0x000000070b000000|  0%| F|  |TAMS 0x000000070ae00000, 0x000000070ae00000| Untracked 
|  61|0x000000070b000000, 0x000000070b000000, 0x000000070b200000|  0%| F|  |TAMS 0x000000070b000000, 0x000000070b000000| Untracked 
|  62|0x000000070b200000, 0x000000070b200000, 0x000000070b400000|  0%| F|  |TAMS 0x000000070b200000, 0x000000070b200000| Untracked 
|  63|0x000000070b400000, 0x000000070b400000, 0x000000070b600000|  0%| F|  |TAMS 0x000000070b400000, 0x000000070b400000| Untracked 
|  64|0x000000070b600000, 0x000000070b600000, 0x000000070b800000|  0%| F|  |TAMS 0x000000070b600000, 0x000000070b600000| Untracked 
|  65|0x000000070b800000, 0x000000070b800000, 0x000000070ba00000|  0%| F|  |TAMS 0x000000070b800000, 0x000000070b800000| Untracked 
|  66|0x000000070ba00000, 0x000000070ba00000, 0x000000070bc00000|  0%| F|  |TAMS 0x000000070ba00000, 0x000000070ba00000| Untracked 
|  67|0x000000070bc00000, 0x000000070bc00000, 0x000000070be00000|  0%| F|  |TAMS 0x000000070bc00000, 0x000000070bc00000| Untracked 
|  68|0x000000070be00000, 0x000000070be00000, 0x000000070c000000|  0%| F|  |TAMS 0x000000070be00000, 0x000000070be00000| Untracked 
|  69|0x000000070c000000, 0x000000070c000000, 0x000000070c200000|  0%| F|  |TAMS 0x000000070c000000, 0x000000070c000000| Untracked 
|  70|0x000000070c200000, 0x000000070c200000, 0x000000070c400000|  0%| F|  |TAMS 0x000000070c200000, 0x000000070c200000| Untracked 
|  71|0x000000070c400000, 0x000000070c400000, 0x000000070c600000|  0%| F|  |TAMS 0x000000070c400000, 0x000000070c400000| Untracked 
|  72|0x000000070c600000, 0x000000070c600000, 0x000000070c800000|  0%| F|  |TAMS 0x000000070c600000, 0x000000070c600000| Untracked 
|  73|0x000000070c800000, 0x000000070c800000, 0x000000070ca00000|  0%| F|  |TAMS 0x000000070c800000, 0x000000070c800000| Untracked 
|  74|0x000000070ca00000, 0x000000070ca00000, 0x000000070cc00000|  0%| F|  |TAMS 0x000000070ca00000, 0x000000070ca00000| Untracked 
|  75|0x000000070cc00000, 0x000000070cc00000, 0x000000070ce00000|  0%| F|  |TAMS 0x000000070cc00000, 0x000000070cc00000| Untracked 
|  76|0x000000070ce00000, 0x000000070ce00000, 0x000000070d000000|  0%| F|  |TAMS 0x000000070ce00000, 0x000000070ce00000| Untracked 
|  77|0x000000070d000000, 0x000000070d000000, 0x000000070d200000|  0%| F|  |TAMS 0x000000070d000000, 0x000000070d000000| Untracked 
|  78|0x000000070d200000, 0x000000070d200000, 0x000000070d400000|  0%| F|  |TAMS 0x000000070d200000, 0x000000070d200000| Untracked 
|  79|0x000000070d400000, 0x000000070d400000, 0x000000070d600000|  0%| F|  |TAMS 0x000000070d400000, 0x000000070d400000| Untracked 
|  80|0x000000070d600000, 0x000000070d600000, 0x000000070d800000|  0%| F|  |TAMS 0x000000070d600000, 0x000000070d600000| Untracked 
|  81|0x000000070d800000, 0x000000070d800000, 0x000000070da00000|  0%| F|  |TAMS 0x000000070d800000, 0x000000070d800000| Untracked 
|  82|0x000000070da00000, 0x000000070da00000, 0x000000070dc00000|  0%| F|  |TAMS 0x000000070da00000, 0x000000070da00000| Untracked 
|  83|0x000000070dc00000, 0x000000070dc00000, 0x000000070de00000|  0%| F|  |TAMS 0x000000070dc00000, 0x000000070dc00000| Untracked 
|  84|0x000000070de00000, 0x000000070de00000, 0x000000070e000000|  0%| F|  |TAMS 0x000000070de00000, 0x000000070de00000| Untracked 
|  85|0x000000070e000000, 0x000000070e000000, 0x000000070e200000|  0%| F|  |TAMS 0x000000070e000000, 0x000000070e000000| Untracked 
|  86|0x000000070e200000, 0x000000070e200000, 0x000000070e400000|  0%| F|  |TAMS 0x000000070e200000, 0x000000070e200000| Untracked 
|  87|0x000000070e400000, 0x000000070e400000, 0x000000070e600000|  0%| F|  |TAMS 0x000000070e400000, 0x000000070e400000| Untracked 
|  88|0x000000070e600000, 0x000000070e600000, 0x000000070e800000|  0%| F|  |TAMS 0x000000070e600000, 0x000000070e600000| Untracked 
|  89|0x000000070e800000, 0x000000070e800000, 0x000000070ea00000|  0%| F|  |TAMS 0x000000070e800000, 0x000000070e800000| Untracked 
|  90|0x000000070ea00000, 0x000000070ea00000, 0x000000070ec00000|  0%| F|  |TAMS 0x000000070ea00000, 0x000000070ea00000| Untracked 
|  91|0x000000070ec00000, 0x000000070ec00000, 0x000000070ee00000|  0%| F|  |TAMS 0x000000070ec00000, 0x000000070ec00000| Untracked 
|  92|0x000000070ee00000, 0x000000070ee00000, 0x000000070f000000|  0%| F|  |TAMS 0x000000070ee00000, 0x000000070ee00000| Untracked 
|  93|0x000000070f000000, 0x000000070f000000, 0x000000070f200000|  0%| F|  |TAMS 0x000000070f000000, 0x000000070f000000| Untracked 
|  94|0x000000070f200000, 0x000000070f200000, 0x000000070f400000|  0%| F|  |TAMS 0x000000070f200000, 0x000000070f200000| Untracked 
|  95|0x000000070f400000, 0x000000070f400000, 0x000000070f600000|  0%| F|  |TAMS 0x000000070f400000, 0x000000070f400000| Untracked 
|  96|0x000000070f600000, 0x000000070f600000, 0x000000070f800000|  0%| F|  |TAMS 0x000000070f600000, 0x000000070f600000| Untracked 
|  97|0x000000070f800000, 0x000000070f800000, 0x000000070fa00000|  0%| F|  |TAMS 0x000000070f800000, 0x000000070f800000| Untracked 
|  98|0x000000070fa00000, 0x000000070fa00000, 0x000000070fc00000|  0%| F|  |TAMS 0x000000070fa00000, 0x000000070fa00000| Untracked 
|  99|0x000000070fc00000, 0x000000070fc00000, 0x000000070fe00000|  0%| F|  |TAMS 0x000000070fc00000, 0x000000070fc00000| Untracked 
| 100|0x000000070fe00000, 0x000000070fe00000, 0x0000000710000000|  0%| F|  |TAMS 0x000000070fe00000, 0x000000070fe00000| Untracked 
| 101|0x0000000710000000, 0x0000000710000000, 0x0000000710200000|  0%| F|  |TAMS 0x0000000710000000, 0x0000000710000000| Untracked 
| 102|0x0000000710200000, 0x0000000710200000, 0x0000000710400000|  0%| F|  |TAMS 0x0000000710200000, 0x0000000710200000| Untracked 
| 103|0x0000000710400000, 0x0000000710400000, 0x0000000710600000|  0%| F|  |TAMS 0x0000000710400000, 0x0000000710400000| Untracked 
| 104|0x0000000710600000, 0x0000000710600000, 0x0000000710800000|  0%| F|  |TAMS 0x0000000710600000, 0x0000000710600000| Untracked 
| 105|0x0000000710800000, 0x0000000710800000, 0x0000000710a00000|  0%| F|  |TAMS 0x0000000710800000, 0x0000000710800000| Untracked 
| 106|0x0000000710a00000, 0x0000000710a00000, 0x0000000710c00000|  0%| F|  |TAMS 0x0000000710a00000, 0x0000000710a00000| Untracked 
| 107|0x0000000710c00000, 0x0000000710c00000, 0x0000000710e00000|  0%| F|  |TAMS 0x0000000710c00000, 0x0000000710c00000| Untracked 
| 108|0x0000000710e00000, 0x0000000710e00000, 0x0000000711000000|  0%| F|  |TAMS 0x0000000710e00000, 0x0000000710e00000| Untracked 
| 109|0x0000000711000000, 0x0000000711000000, 0x0000000711200000|  0%| F|  |TAMS 0x0000000711000000, 0x0000000711000000| Untracked 
| 110|0x0000000711200000, 0x0000000711200000, 0x0000000711400000|  0%| F|  |TAMS 0x0000000711200000, 0x0000000711200000| Untracked 
| 111|0x0000000711400000, 0x0000000711400000, 0x0000000711600000|  0%| F|  |TAMS 0x0000000711400000, 0x0000000711400000| Untracked 
| 112|0x0000000711600000, 0x0000000711600000, 0x0000000711800000|  0%| F|  |TAMS 0x0000000711600000, 0x0000000711600000| Untracked 
| 113|0x0000000711800000, 0x0000000711800000, 0x0000000711a00000|  0%| F|  |TAMS 0x0000000711800000, 0x0000000711800000| Untracked 
| 114|0x0000000711a00000, 0x0000000711a00000, 0x0000000711c00000|  0%| F|  |TAMS 0x0000000711a00000, 0x0000000711a00000| Untracked 
| 115|0x0000000711c00000, 0x0000000711c00000, 0x0000000711e00000|  0%| F|  |TAMS 0x0000000711c00000, 0x0000000711c00000| Untracked 
| 116|0x0000000711e00000, 0x0000000711e00000, 0x0000000712000000|  0%| F|  |TAMS 0x0000000711e00000, 0x0000000711e00000| Untracked 
| 117|0x0000000712000000, 0x0000000712000000, 0x0000000712200000|  0%| F|  |TAMS 0x0000000712000000, 0x0000000712000000| Untracked 
| 118|0x0000000712200000, 0x0000000712200000, 0x0000000712400000|  0%| F|  |TAMS 0x0000000712200000, 0x0000000712200000| Untracked 
| 119|0x0000000712400000, 0x0000000712400000, 0x0000000712600000|  0%| F|  |TAMS 0x0000000712400000, 0x0000000712400000| Untracked 
| 120|0x0000000712600000, 0x0000000712671298, 0x0000000712800000| 22%| E|  |TAMS 0x0000000712600000, 0x0000000712600000| Complete 
| 121|0x0000000712800000, 0x0000000712a00000, 0x0000000712a00000|100%| E|CS|TAMS 0x0000000712800000, 0x0000000712800000| Complete 
| 122|0x0000000712a00000, 0x0000000712c00000, 0x0000000712c00000|100%| E|CS|TAMS 0x0000000712a00000, 0x0000000712a00000| Complete 
| 123|0x0000000712c00000, 0x0000000712e00000, 0x0000000712e00000|100%| E|CS|TAMS 0x0000000712c00000, 0x0000000712c00000| Complete 
| 124|0x0000000712e00000, 0x0000000713000000, 0x0000000713000000|100%| E|CS|TAMS 0x0000000712e00000, 0x0000000712e00000| Complete 
| 125|0x0000000713000000, 0x0000000713200000, 0x0000000713200000|100%| E|CS|TAMS 0x0000000713000000, 0x0000000713000000| Complete 
| 126|0x0000000713200000, 0x0000000713400000, 0x0000000713400000|100%| E|CS|TAMS 0x0000000713200000, 0x0000000713200000| Complete 

Card table byte_map: [0x000001e37b530000,0x000001e37bd20000] _byte_map_base: 0x000001e377d15000

Marking Bits (Prev, Next): (CMBitMap*) 0x000001e361921c70, (CMBitMap*) 0x000001e361921cb0
 Prev Bits: [0x000001e300000000, 0x000001e303f28000)
 Next Bits: [0x000001e303f30000, 0x000001e307e58000)

Polling page: 0x000001e3619b0000

Metaspace:

Usage:
  Non-class:      7.36 MB capacity,     4.98 MB ( 68%) used,     2.37 MB ( 32%) free+waste,     6.19 KB ( <1%) overhead. 
      Class:    542.00 KB capacity,   295.82 KB ( 55%) used,   244.24 KB ( 45%) free+waste,     1.94 KB ( <1%) overhead. 
       Both:      7.89 MB capacity,     5.27 MB ( 67%) used,     2.60 MB ( 33%) free+waste,     8.12 KB ( <1%) overhead. 

Virtual space:
  Non-class space:        8.00 MB reserved,       7.50 MB ( 94%) committed 
      Class space:        1.00 GB reserved,     640.00 KB ( <1%) committed 
             Both:        1.01 GB reserved,       8.12 MB ( <1%) committed 

Chunk freelists:
   Non-Class:  83.00 KB
       Class:  2.00 KB
        Both:  85.00 KB

MaxMetaspaceSize: 17179869184.00 GB
CompressedClassSpaceSize: 1.00 GB

CodeHeap 'non-profiled nmethods': size=120000Kb used=209Kb max_used=209Kb free=119790Kb
 bounds [0x000001e372da0000, 0x000001e373010000, 0x000001e37a2d0000]
CodeHeap 'profiled nmethods': size=120000Kb used=1102Kb max_used=1102Kb free=118897Kb
 bounds [0x000001e36b870000, 0x000001e36bae0000, 0x000001e372da0000]
CodeHeap 'non-nmethods': size=5760Kb used=1567Kb max_used=1590Kb free=4192Kb
 bounds [0x000001e36b2d0000, 0x000001e36b540000, 0x000001e36b870000]
 total_blobs=1654 nmethods=704 adapters=863
 compilation: enabled
              stopped_count=0, restarted_count=0
 full_count=0

Compilation events (20 events):
Event: 0.321 Thread 0x000001e37f92e680  691   !   3       jdk.internal.ref.PhantomCleanable::remove (60 bytes)
Event: 0.321 Thread 0x000001e37f92e680 nmethod 691 0x000001e36b97a210 code [0x000001e36b97a3c0, 0x000001e36b97a7d8]
Event: 0.322 Thread 0x000001e37f92e680  692       3       java.io.FilterInputStream::<init> (10 bytes)
Event: 0.322 Thread 0x000001e37f92e680 nmethod 692 0x000001e36b97a990 code [0x000001e36b97ab40, 0x000001e36b97ad58]
Event: 0.322 Thread 0x000001e37f92e680  693       3       java.util.zip.ZipCoder$UTF8ZipCoder::toString (12 bytes)
Event: 0.323 Thread 0x000001e37f92e680 nmethod 693 0x000001e36b97ae10 code [0x000001e36b97afc0, 0x000001e36b97b148]
Event: 0.323 Thread 0x000001e37f92e680  694       3       java.lang.System$2::newStringUTF8NoRepl (7 bytes)
Event: 0.323 Thread 0x000001e37f92e680 nmethod 694 0x000001e36b97b210 code [0x000001e36b97b3c0, 0x000001e36b97b4e8]
Event: 0.323 Thread 0x000001e37f92e680  695       3       java.lang.StringCoding::newStringUTF8NoRepl (56 bytes)
Event: 0.323 Thread 0x000001e37f92e680 nmethod 695 0x000001e36b97b590 code [0x000001e36b97b7a0, 0x000001e36b97bdf8]
Event: 0.323 Thread 0x000001e37f92e680  696   !   3       jdk.internal.loader.BuiltinClassLoader::findClassOnClassPathOrNull (64 bytes)
Event: 0.324 Thread 0x000001e37f92e680 nmethod 696 0x000001e36b97c090 code [0x000001e36b97c420, 0x000001e36b97d9d8]
Event: 0.324 Thread 0x000001e37f92e680  697       3       sun.invoke.util.Wrapper::hashPrim (30 bytes)
Event: 0.324 Thread 0x000001e37f92e680 nmethod 697 0x000001e36b97e210 code [0x000001e36b97e4a0, 0x000001e36b97f0a8]
Event: 0.324 Thread 0x000001e37f92e680  699       3       sun.invoke.util.Wrapper::findPrimitiveType (25 bytes)
Event: 0.325 Thread 0x000001e37f92a420  700       4       java.lang.String::substring (58 bytes)
Event: 0.325 Thread 0x000001e37f92e680 nmethod 699 0x000001e36b97f510 code [0x000001e36b97f780, 0x000001e36b9802a8]
Event: 0.325 Thread 0x000001e37f92e680  701       3       java.net.URL::getDefaultPort (8 bytes)
Event: 0.325 Thread 0x000001e37f92e680 nmethod 701 0x000001e36b980710 code [0x000001e36b9808a0, 0x000001e36b980a98]
Event: 0.325 Thread 0x000001e37f92e680  702       3       sun.invoke.util.Wrapper::forPrimitiveType (49 bytes)

GC Heap History (0 events):
No events

Deoptimization events (8 events):
Event: 0.064 Thread 0x000001e3618d1550 Uncommon trap: trap_request=0xffffff45 fr.pc=0x000001e372daeaa8 relative=0x0000000000000088
Event: 0.064 Thread 0x000001e3618d1550 Uncommon trap: reason=unstable_if action=reinterpret pc=0x000001e372daeaa8 method=java.lang.String.charAt(I)C @ 4 c2
Event: 0.064 Thread 0x000001e3618d1550 DEOPT PACKING pc=0x000001e372daeaa8 sp=0x000000d9cadfeff0
Event: 0.064 Thread 0x000001e3618d1550 DEOPT UNPACKING pc=0x000001e36b31e42f sp=0x000000d9cadfef90 mode 2
Event: 0.320 Thread 0x000001e3618d1550 Uncommon trap: trap_request=0xffffff45 fr.pc=0x000001e372dd3134 relative=0x0000000000000034
Event: 0.320 Thread 0x000001e3618d1550 Uncommon trap: reason=unstable_if action=reinterpret pc=0x000001e372dd3134 method=java.lang.reflect.Modifier.isFinal(I)Z @ 4 c2
Event: 0.320 Thread 0x000001e3618d1550 DEOPT PACKING pc=0x000001e372dd3134 sp=0x000000d9cadfd720
Event: 0.320 Thread 0x000001e3618d1550 DEOPT UNPACKING pc=0x000001e36b31e42f sp=0x000000d9cadfd6b0 mode 2

Classes unloaded (0 events):
No events

Classes redefined (0 events):
No events

Internal exceptions (17 events):
Event: 0.066 Thread 0x000001e37faedd50 Exception <a 'java/lang/NoSuchMethodError'{0x00000007130f5800}: 'java.lang.Object java.lang.invoke.DirectMethodHandle$Holder.invokeStatic(java.lang.Object)'> (0x00000007130f5800) 
thrown [./open/src/hotspot/share/interpreter/linkResolver.cpp, line 782]
Event: 0.067 Thread 0x000001e37faedd50 Exception <a 'java/lang/NoSuchMethodError'{0x00000007130f9110}: 'java.lang.Object java.lang.invoke.DirectMethodHandle$Holder.invokeStaticInit(java.lang.Object)'> (0x00000007130f9110) 
thrown [./open/src/hotspot/share/interpreter/linkResolver.cpp, line 782]
Event: 0.070 Thread 0x000001e37faedd50 Exception <a 'java/lang/NoSuchMethodError'{0x0000000713106438}: 'void java.lang.invoke.DirectMethodHandle$Holder.invokeStatic(java.lang.Object, java.lang.Object)'> (0x0000000713106438) 
thrown [./open/src/hotspot/share/interpreter/linkResolver.cpp, line 782]
Event: 0.080 Thread 0x000001e3618d1550 Exception <a 'java/lang/NoSuchMethodError'{0x00000007131ad630}: 'void java.lang.invoke.DirectMethodHandle$Holder.invokeSpecial(java.lang.Object, java.lang.Object, java.lang.Object)'> (0x00000007131ad630) 
thrown [./open/src/hotspot/share/interpreter/linkResolver.cpp, line 782]
Event: 0.082 Thread 0x000001e3618d1550 Exception <a 'java/lang/NoSuchMethodError'{0x00000007131c1bf8}: 'java.lang.Object java.lang.invoke.DirectMethodHandle$Holder.invokeStatic(java.lang.Object, java.lang.Object, int)'> (0x00000007131c1bf8) 
thrown [./open/src/hotspot/share/interpreter/linkResolver.cpp, line 782]
Event: 0.083 Thread 0x000001e3618d1550 Exception <a 'java/lang/NoSuchMethodError'{0x00000007131cdd40}: 'void java.lang.invoke.DelegatingMethodHandle$Holder.delegate(java.lang.Object, java.lang.Object, int, java.lang.Object)'> (0x00000007131cdd40) 
thrown [./open/src/hotspot/share/interpreter/linkResolver.cpp, line 782]
Event: 0.083 Thread 0x000001e3618d1550 Exception <a 'java/lang/NoSuchMethodError'{0x00000007131d20d8}: 'int java.lang.invoke.DirectMethodHandle$Holder.invokeSpecial(java.lang.Object, java.lang.Object, java.lang.Object)'> (0x00000007131d20d8) 
thrown [./open/src/hotspot/share/interpreter/linkResolver.cpp, line 782]
Event: 0.102 Thread 0x000001e3618d1550 Exception <a 'sun/nio/fs/WindowsException'{0x0000000712e40ae8}> (0x0000000712e40ae8) 
thrown [./open/src/hotspot/share/prims/jni.cpp, line 578]
Event: 0.102 Thread 0x000001e3618d1550 Exception <a 'sun/nio/fs/WindowsException'{0x0000000712e41040}> (0x0000000712e41040) 
thrown [./open/src/hotspot/share/prims/jni.cpp, line 578]
Event: 0.107 Thread 0x000001e3618d1550 Exception <a 'sun/nio/fs/WindowsException'{0x0000000712e5dfd0}> (0x0000000712e5dfd0) 
thrown [./open/src/hotspot/share/prims/jni.cpp, line 578]
Event: 0.107 Thread 0x000001e3618d1550 Exception <a 'sun/nio/fs/WindowsException'{0x0000000712e5e340}> (0x0000000712e5e340) 
thrown [./open/src/hotspot/share/prims/jni.cpp, line 578]
Event: 0.150 Thread 0x000001e3618d1550 Exception <a 'java/lang/NoSuchMethodError'{0x0000000712f114a0}: 'void java.lang.invoke.DirectMethodHandle$Holder.invokeStatic(java.lang.Object, java.lang.Object, java.lang.Object)'> (0x0000000712f114a0) 
thrown [./open/src/hotspot/share/interpreter/linkResolver.cpp, line 782]
Event: 0.212 Thread 0x000001e3618d1550 Exception <a 'sun/nio/fs/WindowsException'{0x0000000712f4cf10}> (0x0000000712f4cf10) 
thrown [./open/src/hotspot/share/prims/jni.cpp, line 578]
Event: 0.212 Thread 0x000001e3618d1550 Exception <a 'sun/nio/fs/WindowsException'{0x0000000712f4d2c0}> (0x0000000712f4d2c0) 
thrown [./open/src/hotspot/share/prims/jni.cpp, line 578]
Event: 0.215 Thread 0x000001e3618d1550 Exception <a 'sun/nio/fs/WindowsException'{0x0000000712f5aeb0}> (0x0000000712f5aeb0) 
thrown [./open/src/hotspot/share/prims/jni.cpp, line 578]
Event: 0.215 Thread 0x000001e3618d1550 Exception <a 'sun/nio/fs/WindowsException'{0x0000000712f5b198}> (0x0000000712f5b198) 
thrown [./open/src/hotspot/share/prims/jni.cpp, line 578]
Event: 0.320 Thread 0x000001e3618d1550 Exception <a 'java/lang/NoSuchMethodError'{0x00000007129e39a0}: 'void java.lang.invoke.DirectMethodHandle$Holder.invokeSpecial(java.lang.Object, java.lang.Object, long)'> (0x00000007129e39a0) 
thrown [./open/src/hotspot/share/interpreter/linkResolver.cpp, line 782]

Events (20 events):
Event: 0.114 loading class java/math/MutableBigInteger
Event: 0.114 loading class java/math/MutableBigInteger done
Event: 0.115 loading class java/nio/BufferOverflowException
Event: 0.115 loading class java/nio/BufferOverflowException done
Event: 0.115 loading class java/nio/InvalidMarkException
Event: 0.115 loading class java/nio/InvalidMarkException done
Event: 0.115 loading class java/nio/BufferUnderflowException
Event: 0.115 loading class java/nio/BufferUnderflowException done
Event: 0.115 loading class java/lang/IndexOutOfBoundsException
Event: 0.115 loading class java/lang/IndexOutOfBoundsException done
Event: 0.213 Loaded shared library C:\Users\89.vv\AppData\Local\Temp\lwjgl89.vv\3.2.3-build-13\lwjgl_opengl.dll
Event: 0.237 Thread 0x000001e3084a64d0 Thread added: 0x000001e3084a64d0
Event: 0.240 Loaded shared library C:\Users\89.vv\AppData\Local\Temp\lwjgl89.vv\3.2.3-build-13\lwjgl.dll
Event: 0.244 Loaded shared library C:\Users\89.vv\AppData\Local\Temp\lwjgl89.vv\3.2.3-build-13\lwjgl.dll
Event: 0.313 loading class jdk/internal/reflect/UnsafeQualifiedLongFieldAccessorImpl
Event: 0.314 loading class jdk/internal/reflect/UnsafeQualifiedFieldAccessorImpl
Event: 0.314 loading class jdk/internal/reflect/UnsafeQualifiedFieldAccessorImpl done
Event: 0.314 loading class jdk/internal/reflect/UnsafeQualifiedLongFieldAccessorImpl done
Event: 0.320 loading class java/lang/invoke/DirectMethodHandle$Special
Event: 0.320 loading class java/lang/invoke/DirectMethodHandle$Special done


Dynamic libraries:
0x00007ff6b86b0000 - 0x00007ff6b86bd000 	D:\Java\openjdk-15.0.1\bin\java.exe
0x00007ffd40450000 - 0x00007ffd40645000 	C:\WINDOWS\SYSTEM32\ntdll.dll
0x00007ffd3ea90000 - 0x00007ffd3eb4d000 	C:\WINDOWS\System32\KERNEL32.DLL
0x00007ffd3de20000 - 0x00007ffd3e0e7000 	C:\WINDOWS\System32\KERNELBASE.dll
0x00007ffd3dc40000 - 0x00007ffd3dd40000 	C:\WINDOWS\System32\ucrtbase.dll
0x00007ffd38440000 - 0x00007ffd38458000 	D:\Java\openjdk-15.0.1\bin\jli.dll
0x00007ffd3eb50000 - 0x00007ffd3ecf0000 	C:\WINDOWS\System32\USER32.dll
0x00007ffd3e2e0000 - 0x00007ffd3e302000 	C:\WINDOWS\System32\win32u.dll
0x00007ffd281c0000 - 0x00007ffd2845a000 	C:\WINDOWS\WinSxS\amd64_microsoft.windows.common-controls_6595b64144ccf1df_6.0.19041.1_none_b555e41d4684ddec\COMCTL32.dll
0x00007ffd3fcd0000 - 0x00007ffd3fcfa000 	C:\WINDOWS\System32\GDI32.dll
0x00007ffd37d00000 - 0x00007ffd37d19000 	D:\Java\openjdk-15.0.1\bin\VCRUNTIME140.dll
0x00007ffd3e4d0000 - 0x00007ffd3e56e000 	C:\WINDOWS\System32\msvcrt.dll
0x00007ffd3e0f0000 - 0x00007ffd3e1fa000 	C:\WINDOWS\System32\gdi32full.dll
0x00007ffd3dba0000 - 0x00007ffd3dc3d000 	C:\WINDOWS\System32\msvcp_win.dll
0x00007ffd3e590000 - 0x00007ffd3e5c0000 	C:\WINDOWS\System32\IMM32.DLL
0x00007ffd39860000 - 0x00007ffd3986c000 	D:\Java\openjdk-15.0.1\bin\vcruntime140_1.dll
0x00007ffd2f8d0000 - 0x00007ffd2f961000 	D:\Java\openjdk-15.0.1\bin\msvcp140.dll
0x00007ffd07c90000 - 0x00007ffd087ee000 	D:\Java\openjdk-15.0.1\bin\server\jvm.dll
0x00007ffd3f9f0000 - 0x00007ffd3fa9a000 	C:\WINDOWS\System32\ADVAPI32.dll
0x00007ffd3fc30000 - 0x00007ffd3fccb000 	C:\WINDOWS\System32\sechost.dll
0x00007ffd3fd00000 - 0x00007ffd3fe23000 	C:\WINDOWS\System32\RPCRT4.dll
0x00007ffd3e4c0000 - 0x00007ffd3e4c8000 	C:\WINDOWS\System32\PSAPI.DLL
0x00007ffd341d0000 - 0x00007ffd341d9000 	C:\WINDOWS\SYSTEM32\WSOCK32.dll
0x00007ffd3fe30000 - 0x00007ffd3fe9b000 	C:\WINDOWS\System32\WS2_32.dll
0x00007ffd2cab0000 - 0x00007ffd2cad7000 	C:\WINDOWS\SYSTEM32\WINMM.dll
0x00007ffd38990000 - 0x00007ffd3899a000 	C:\WINDOWS\SYSTEM32\VERSION.dll
0x00007ffd3b960000 - 0x00007ffd3b973000 	C:\WINDOWS\SYSTEM32\kernel.appcore.dll
0x00007ffd38df0000 - 0x00007ffd38dfa000 	D:\Java\openjdk-15.0.1\bin\jimage.dll
0x00007ffd2a880000 - 0x00007ffd2aa64000 	C:\WINDOWS\SYSTEM32\DBGHELP.DLL
0x00007ffd2a2b0000 - 0x00007ffd2a2dc000 	C:\WINDOWS\SYSTEM32\dbgcore.DLL
0x00007ffd3e200000 - 0x00007ffd3e27f000 	C:\WINDOWS\System32\bcryptPrimitives.dll
0x00007ffd37cf0000 - 0x00007ffd37cfe000 	D:\Java\openjdk-15.0.1\bin\instrument.dll
0x00007ffd36770000 - 0x00007ffd36795000 	D:\Java\openjdk-15.0.1\bin\java.dll
0x00007ffd3f230000 - 0x00007ffd3f970000 	C:\WINDOWS\System32\SHELL32.dll
0x00007ffd3bc40000 - 0x00007ffd3c3d1000 	C:\WINDOWS\SYSTEM32\windows.storage.dll
0x00007ffd3fea0000 - 0x00007ffd401f3000 	C:\WINDOWS\System32\combase.dll
0x00007ffd3d550000 - 0x00007ffd3d57c000 	C:\WINDOWS\SYSTEM32\Wldp.dll
0x00007ffd3fb80000 - 0x00007ffd3fc2e000 	C:\WINDOWS\System32\SHCORE.dll
0x00007ffd40200000 - 0x00007ffd40255000 	C:\WINDOWS\System32\shlwapi.dll
0x00007ffd3dae0000 - 0x00007ffd3daff000 	C:\WINDOWS\SYSTEM32\profapi.dll
0x00007ffd32d90000 - 0x00007ffd32da8000 	D:\Java\openjdk-15.0.1\bin\zip.dll
0x00007ffd330f0000 - 0x00007ffd33109000 	D:\Java\openjdk-15.0.1\bin\net.dll
0x00007ffd3cc00000 - 0x00007ffd3cd00000 	C:\WINDOWS\SYSTEM32\WINHTTP.dll
0x00007ffd3d2d0000 - 0x00007ffd3d33a000 	C:\WINDOWS\system32\mswsock.dll
0x00007ffd32eb0000 - 0x00007ffd32ec2000 	D:\Java\openjdk-15.0.1\bin\nio.dll
0x00007ffd31160000 - 0x00007ffd3117a000 	D:\Intellij 2020.2.3\bin\breakgen64.dll
0x00007ffd2ed50000 - 0x00007ffd2edb4000 	C:\Users\89.vv\AppData\Local\Temp\lwjgl89.vv\3.2.3-build-13\lwjgl.dll
0x00007ffd2ce60000 - 0x00007ffd2cec2000 	C:\Users\89.vv\AppData\Local\Temp\lwjgl89.vv\3.2.3-build-13\glfw.dll
0x00007ffd3b580000 - 0x00007ffd3b61f000 	C:\WINDOWS\system32\uxtheme.dll
0x00007ffd31110000 - 0x00007ffd31155000 	C:\WINDOWS\SYSTEM32\dinput8.dll
0x00007ffd2f890000 - 0x00007ffd2f8a1000 	C:\WINDOWS\SYSTEM32\xinput1_4.dll
0x00007ffd3e310000 - 0x00007ffd3e35d000 	C:\WINDOWS\System32\cfgmgr32.dll
0x00007ffd3d8b0000 - 0x00007ffd3d8dc000 	C:\WINDOWS\SYSTEM32\DEVOBJ.dll
0x00007ffd3b930000 - 0x00007ffd3b95f000 	C:\WINDOWS\SYSTEM32\dwmapi.dll
0x00007ffd37290000 - 0x00007ffd373e2000 	C:\WINDOWS\SYSTEM32\inputhost.dll
0x00007ffd3ecf0000 - 0x00007ffd3edbd000 	C:\WINDOWS\System32\OLEAUT32.dll
0x00007ffd3a900000 - 0x00007ffd3aa56000 	C:\WINDOWS\SYSTEM32\wintypes.dll
0x00007ffd3b270000 - 0x00007ffd3b362000 	C:\WINDOWS\SYSTEM32\CoreMessaging.dll
0x00007ffd36d20000 - 0x00007ffd36e15000 	C:\WINDOWS\SYSTEM32\PROPSYS.dll
0x00007ffd3ab60000 - 0x00007ffd3aeba000 	C:\WINDOWS\SYSTEM32\CoreUIComponents.dll
0x00007ffd3c7e0000 - 0x00007ffd3c813000 	C:\WINDOWS\SYSTEM32\ntmarta.dll
0x00007ffd3e820000 - 0x00007ffd3e935000 	C:\WINDOWS\System32\MSCTF.dll
0x0000000011320000 - 0x0000000011366000 	C:\Program Files (x86)\NetSupport\NetSupport School\pciappctrl64.dll
0x00007ffd2de70000 - 0x00007ffd2de8d000 	C:\WINDOWS\SYSTEM32\MPR.dll
0x00007ffd3c3e0000 - 0x00007ffd3c3ed000 	C:\WINDOWS\SYSTEM32\HID.DLL
0x00007ffd3edc0000 - 0x00007ffd3f227000 	C:\WINDOWS\System32\SETUPAPI.DLL
0x00007ffd3dd40000 - 0x00007ffd3dd67000 	C:\WINDOWS\System32\bcrypt.dll
0x00007ffd3e280000 - 0x00007ffd3e2e0000 	C:\WINDOWS\System32\WINTRUST.dll
0x00007ffd3e360000 - 0x00007ffd3e4bd000 	C:\WINDOWS\System32\CRYPT32.dll
0x00007ffd3d6d0000 - 0x00007ffd3d6e2000 	C:\WINDOWS\SYSTEM32\MSASN1.dll
0x00007ffd2f4d0000 - 0x00007ffd2f62c000 	C:\WINDOWS\SYSTEM32\opengl32.dll
0x00007ffd31db0000 - 0x00007ffd31ddc000 	C:\WINDOWS\SYSTEM32\GLU32.dll
0x00007ffd06ba0000 - 0x00007ffd07ba6000 	C:\WINDOWS\System32\DriverStore\FileRepository\iigd_dch.inf_amd64_ffc33814d8d570f2\ig9icd64.dll
0x00007ffd3c420000 - 0x00007ffd3c513000 	C:\WINDOWS\system32\dxgi.dll
0x00007ffd279c0000 - 0x00007ffd279fb000 	C:\WINDOWS\SYSTEM32\dxcore.dll
0x00007ffd24310000 - 0x00007ffd266c9000 	C:\WINDOWS\System32\DriverStore\FileRepository\iigd_dch.inf_amd64_ffc33814d8d570f2\igc64.dll
0x00007ffd3e6f0000 - 0x00007ffd3e819000 	C:\WINDOWS\System32\ole32.dll
0x00007ffd3da10000 - 0x00007ffd3da5b000 	C:\WINDOWS\SYSTEM32\powrprof.dll
0x00007ffd3d9f0000 - 0x00007ffd3da02000 	C:\WINDOWS\SYSTEM32\UMPDC.dll
0x00007ffd266d0000 - 0x00007ffd267f2000 	C:\WINDOWS\System32\DriverStore\FileRepository\iigd_dch.inf_amd64_ffc33814d8d570f2\igdgmm64.dll
0x00007ffd37420000 - 0x00007ffd3751c000 	C:\WINDOWS\SYSTEM32\textinputframework.dll
0x00007ffd2f040000 - 0x00007ffd2f099000 	C:\Users\89.vv\AppData\Local\Temp\lwjgl89.vv\3.2.3-build-13\lwjgl_opengl.dll

dbghelp: loaded successfully - version: 4.0.5 - missing functions: none
symbol engine: initialized successfully - sym options: 0x614 - pdb path: .;D:\Java\openjdk-15.0.1\bin;C:\WINDOWS\SYSTEM32;C:\WINDOWS\WinSxS\amd64_microsoft.windows.common-controls_6595b64144ccf1df_6.0.19041.1_none_b555e41d4684ddec;D:\Java\openjdk-15.0.1\bin\server;D:\Intellij 2020.2.3\bin;C:\Users\89.vv\AppData\Local\Temp\lwjgl89.vv\3.2.3-build-13;C:\Program Files (x86)\NetSupport\NetSupport School;C:\WINDOWS\System32\DriverStore\FileRepository\iigd_dch.inf_amd64_ffc33814d8d570f2

VM Arguments:
jvm_args: -javaagent:D:\Intellij 2020.2.3\lib\idea_rt.jar=56283:D:\Intellij 2020.2.3\bin -Dfile.encoding=UTF-8 
java_command: Main
java_class_path (initial): D:\Projects\Cobra\target\test-classes;D:\Projects\Cobra\target\classes;C:\Users\89.vv\.m2\repository\org\lwjgl\lwjgl\3.2.3\lwjgl-3.2.3.jar;C:\Users\89.vv\.m2\repository\org\lwjgl\lwjgl-assimp\3.2.3\lwjgl-assimp-3.2.3.jar;C:\Users\89.vv\.m2\repository\org\lwjgl\lwjgl-glfw\3.2.3\lwjgl-glfw-3.2.3.jar;C:\Users\89.vv\.m2\repository\org\lwjgl\lwjgl-openal\3.2.3\lwjgl-openal-3.2.3.jar;C:\Users\89.vv\.m2\repository\org\lwjgl\lwjgl-opengl\3.2.3\lwjgl-opengl-3.2.3.jar;C:\Users\89.vv\.m2\repository\org\lwjgl\lwjgl-stb\3.2.3\lwjgl-stb-3.2.3.jar;C:\Users\89.vv\.m2\repository\org\lwjgl\lwjgl\3.2.3\lwjgl-3.2.3-natives-windows.jar;C:\Users\89.vv\.m2\repository\org\lwjgl\lwjgl-assimp\3.2.3\lwjgl-assimp-3.2.3-natives-windows.jar;C:\Users\89.vv\.m2\repository\org\lwjgl\lwjgl-glfw\3.2.3\lwjgl-glfw-3.2.3-natives-windows.jar;C:\Users\89.vv\.m2\repository\org\lwjgl\lwjgl-openal\3.2.3\lwjgl-openal-3.2.3-natives-windows.jar;C:\Users\89.vv\.m2\repository\org\lwjgl\lwjgl-opengl\3.2.3\lwjgl-opengl-3.2.3-natives-windows.jar;C:\Users\89.vv\.m2\repository\org\lwjgl\lwjgl-stb\3.2.3\lwjgl-stb-3.2.3-natives-windows.jar;C:\Users\89.vv\.m2\repository\org\joml\joml\1.9.25\joml-1.9.25.jar
Launcher Type: SUN_STANDARD

[Global flags]
     intx CICompilerCount                          = 4                                         {product} {ergonomic}
     uint ConcGCThreads                            = 2                                         {product} {ergonomic}
     uint G1ConcRefinementThreads                  = 8                                         {product} {ergonomic}
   size_t G1HeapRegionSize                         = 2097152                                   {product} {ergonomic}
    uintx GCDrainStackTargetSize                   = 64                                        {product} {ergonomic}
   size_t InitialHeapSize                          = 266338304                                 {product} {ergonomic}
   size_t MarkStackSize                            = 4194304                                   {product} {ergonomic}
   size_t MaxHeapSize                              = 4238344192                                {product} {ergonomic}
   size_t MaxNewSize                               = 2541748224                                {product} {ergonomic}
   size_t MinHeapDeltaBytes                        = 2097152                                   {product} {ergonomic}
   size_t MinHeapSize                              = 8388608                                   {product} {ergonomic}
    uintx NonNMethodCodeHeapSize                   = 5839372                                {pd product} {ergonomic}
    uintx NonProfiledCodeHeapSize                  = 122909434                              {pd product} {ergonomic}
    uintx ProfiledCodeHeapSize                     = 122909434                              {pd product} {ergonomic}
    uintx ReservedCodeCacheSize                    = 251658240                              {pd product} {ergonomic}
     bool SegmentedCodeCache                       = true                                      {product} {ergonomic}
   size_t SoftMaxHeapSize                          = 4238344192                             {manageable} {ergonomic}
     bool UseCompressedClassPointers               = true                                 {lp64_product} {ergonomic}
     bool UseCompressedOops                        = true                                 {lp64_product} {ergonomic}
     bool UseG1GC                                  = true                                      {product} {ergonomic}
     bool UseLargePagesIndividualAllocation        = false                                  {pd product} {ergonomic}

Logging:
Log output configuration:
 #0: stdout all=warning uptime,level,tags
 #1: stderr all=off uptime,level,tags

Environment Variables:
PATH=C:\Program Files (x86)\Common Files\Oracle\Java\javapath;C:\WINDOWS\system32;C:\WINDOWS;C:\WINDOWS\System32\Wbem;C:\WINDOWS\System32\WindowsPowerShell\v1.0\;C:\WINDOWS\System32\OpenSSH\;C:\Program Files\dotnet\;C:\Program Files\Microsoft SQL Server\130\Tools\Binn\;C:\Program Files\Microsoft SQL Server\Client SDK\ODBC\170\Tools\Binn\;C:\Users\89.vv\AppData\Local\Microsoft\WindowsApps;
USERNAME=89.vv
OS=Windows_NT
PROCESSOR_IDENTIFIER=Intel64 Family 6 Model 158 Stepping 13, GenuineIntel



---------------  S Y S T E M  ---------------

OS:
 Windows 10 , 64 bit Build 19041 (10.0.19041.292)
OS uptime: 7 days 14:11 hours

CPU: total 8 (initial active 8) (8 cores per cpu, 1 threads per core) family 6 model 158 stepping 13 microcode 0xca, cmov, cx8, fxsr, mmx, sse, sse2, sse3, ssse3, sse4.1, sse4.2, popcnt, vzeroupper, avx, avx2, aes, clmul, erms, 3dnowpref, lzcnt, tsc, tscinvbit, bmi1, bmi2, adx, fma, clflush, clflushopt

Memory: 4k page, system-wide physical 16165M (8756M free)
TotalPageFile size 18597M (AvailPageFile size 9378M)
current process WorkingSet (physical memory assigned to process): 89M, peak: 89M
current process commit charge ("private bytes"): 366M, peak: 366M

vm_info: OpenJDK 64-Bit Server VM (15.0.1+9-18) for windows-amd64 JRE (15.0.1+9-18), built on Sep 15 2020 14:39:31 by "mach5one" with unknown MS VC++:1925

END.
